28/06/2022 02:49:27 PM - INFO:iniciando tread
28/06/2022 02:49:27 PM - INFO:consultando hora programada: 14:49
28/06/2022 02:49:32 PM - INFO:iniciando arquivo - data de relatorio: 2022-06-26
28/06/2022 02:49:34 PM - INFO:conexão com o banco de dados efetuada com sucesso.
28/06/2022 02:49:34 PM - INFO:Iniciando pesquisa de nodrops
28/06/2022 02:49:34 PM - INFO:Nodrops encontrados: 1, Cancl encontrados: 1, Nodrops possiveis: 0, total de cancelamentos efetuados: 0, quantidade de transações que não foram encontradas : 0
28/06/2022 02:49:34 PM - INFO:Nodrops encontrados: 2, Cancl encontrados: 2, Nodrops possiveis: 0, total de cancelamentos efetuados: 0, quantidade de transações que não foram encontradas : 0
28/06/2022 02:49:35 PM - INFO:Nodrops encontrados: 3, Cancl encontrados: 3, Nodrops possiveis: 0, total de cancelamentos efetuados: 0, quantidade de transações que não foram encontradas : 0
28/06/2022 02:49:35 PM - INFO:Nodrops encontrados: 4, Cancl encontrados: 4, Nodrops possiveis: 0, total de cancelamentos efetuados: 0, quantidade de transações que não foram encontradas : 0
28/06/2022 02:49:35 PM - INFO:Nodrops encontrados: 6, Cancl encontrados: 6, Nodrops possiveis: 0, total de cancelamentos efetuados: 0, quantidade de transações que não foram encontradas : 0
28/06/2022 02:49:35 PM - INFO:Nodrops encontrados: 7, Cancl encontrados: 7, Nodrops possiveis: 0, total de cancelamentos efetuados: 0, quantidade de transações que não foram encontradas : 0
28/06/2022 02:49:35 PM - INFO:transações de nodrop selecionadas com sucesso.
28/06/2022 02:49:35 PM - INFO:Nodrops encontrados: 8, Cancl encontrados: 7, Nodrops possiveis: 1, total de cancelamentos efetuados: 0, quantidade de transações que não foram encontradas : 1
28/06/2022 02:49:35 PM - INFO:Tratando as informações de cancl
28/06/2022 02:49:35 PM - INFO:Buscando Issues
28/06/2022 02:49:36 PM - INFO:buscando transções cancl sem motivo
28/06/2022 02:49:36 PM - INFO:tratando dados, adicionando legenda
28/06/2022 02:49:36 PM - INFO:criando arquivo de envio
28/06/2022 02:49:36 PM - INFO:contando dados
28/06/2022 02:49:41 PM - INFO:iniciando arquivo - data de relatorio: 2022-06-26
28/06/2022 02:49:42 PM - INFO:conexão com o banco de dados efetuada com sucesso.
28/06/2022 02:49:42 PM - INFO:Iniciando pesquisa de nodrops
28/06/2022 02:49:43 PM - INFO:Nodrops encontrados: 1, Cancl encontrados: 1, Nodrops possiveis: 0, total de cancelamentos efetuados: 0, quantidade de transações que não foram encontradas : 0
28/06/2022 02:49:43 PM - INFO:Nodrops encontrados: 2, Cancl encontrados: 2, Nodrops possiveis: 0, total de cancelamentos efetuados: 0, quantidade de transações que não foram encontradas : 0
28/06/2022 02:49:43 PM - INFO:Tratando as informações de cancl
28/06/2022 02:49:43 PM - INFO:Buscando Issues
28/06/2022 02:49:43 PM - INFO:buscando transções cancl sem motivo
28/06/2022 02:49:43 PM - INFO:tratando dados, adicionando legenda
28/06/2022 02:49:43 PM - INFO:criando arquivo de envio
28/06/2022 02:49:43 PM - INFO:contando dados
28/06/2022 02:49:52 PM - INFO:iniciando arquivo - data de relatorio: 2022-06-26
28/06/2022 02:49:52 PM - INFO:conexão com o banco de dados efetuada com sucesso.
28/06/2022 02:49:52 PM - INFO:Iniciando pesquisa de nodrops
28/06/2022 02:49:53 PM - INFO:Nodrops encontrados: 2, Cancl encontrados: 2, Nodrops possiveis: 0, total de cancelamentos efetuados: 0, quantidade de transações que não foram encontradas : 0
28/06/2022 02:49:53 PM - INFO:Tratando as informações de cancl
28/06/2022 02:49:53 PM - INFO:Buscando Issues
28/06/2022 02:49:53 PM - INFO:buscando transções cancl sem motivo
28/06/2022 02:49:53 PM - INFO:tratando dados, adicionando legenda
28/06/2022 02:49:53 PM - INFO:criando arquivo de envio
28/06/2022 02:49:53 PM - INFO:contando dados
28/06/2022 02:49:59 PM - INFO:iniciando arquivo - data de relatorio: 2022-06-26
28/06/2022 02:49:59 PM - INFO:conexão com o banco de dados efetuada com sucesso.
28/06/2022 02:49:59 PM - INFO:Iniciando pesquisa de nodrops
28/06/2022 02:49:59 PM - INFO:Tratando as informações de cancl
28/06/2022 02:49:59 PM - INFO:Buscando Issues
28/06/2022 02:49:59 PM - INFO:buscando transções cancl sem motivo
28/06/2022 02:50:00 PM - INFO:tratando dados, adicionando legenda
28/06/2022 02:50:00 PM - INFO:criando arquivo de envio
28/06/2022 02:50:00 PM - INFO:contando dados
28/06/2022 02:50:04 PM - INFO:consultando hora programada: 14:49
28/06/2022 02:50:04 PM - INFO:hora programada invalida. Resta 86340 segundos para execução
